<?xml version="1.0" encoding="UTF-8"?>
<!-- Generated by org.testng.reporters.JUnitReportReporter -->
<testsuite hostname="Nithin" failures="0" tests="1" name="com.crm.createOrganisation.ToCreateOrganisationTest" time="21.842" errors="0" timestamp="2022-11-03T11:21:50 IST" skipped="0">
  <testcase classname="com.crm.createOrganisation.ToCreateOrganisationTest" name="createOrganisationTest" time="21.842"/>
  <system-out>
    <![CDATA[createOrganisationTest is pass]]>
  </system-out>
</testsuite> <!-- com.crm.createOrganisation.ToCreateOrganisationTest -->
